<?xml version="1.0" encoding="UTF-8"?>
<testng-results skipped="0" failed="0" total="1" passed="1">
  <reporter-output>
  </reporter-output>
  <suite name="Default suite" duration-ms="6814" started-at="2021-11-17T08:00:16Z" finished-at="2021-11-17T08:00:23Z">
    <groups>
    </groups>
    <test name="Default test" duration-ms="6814" started-at="2021-11-17T08:00:16Z" finished-at="2021-11-17T08:00:23Z">
      <class name="mavenforJenkins.mavenforJenkins.UITest">
        <test-method status="PASS" signature="startbrowser()[pri:0, instance:mavenforJenkins.mavenforJenkins.UITest@5a955565]" name="startbrowser" duration-ms="6802" started-at="2021-11-17T13:30:16Z" finished-at="2021-11-17T13:30:23Z">
          <reporter-output>
          </reporter-output>
        </test-method> <!-- startbrowser -->
      </class> <!-- mavenforJenkins.mavenforJenkins.UITest -->
    </test> <!-- Default test -->
  </suite> <!-- Default suite -->
</testng-results>
